2022-07-05 15:52:21 [Test worker] INFO  r.b.spring.dao.QuestionDaoCsvTest - Starting QuestionDaoCsvTest using Java 17.0.3 on sigma-10460 with PID 1720 (started by ebaranova in C:\Users\ebaranova\IdeaProjects\pet\spring)
2022-07-05 15:52:21 [Test worker] INFO  r.b.spring.dao.QuestionDaoCsvTest - The following 1 profile is active: "question-dao-csv"
2022-07-05 15:52:23 [Test worker] INFO  r.b.spring.dao.QuestionDaoCsvTest - Started QuestionDaoCsvTest in 2.111 seconds (JVM running for 3.575)
2022-07-05 15:52:23 [Test worker] ERROR r.baranova.spring.dao.QuestionDaoCsv - Ошибка загрузки вопросов, обратитесь к администратору
2022-07-05 15:52:23 [Test worker] ERROR r.baranova.spring.dao.QuestionDaoCsv - Ошибка загрузки вопросов, обратитесь к администратору
2022-07-05 15:52:23 [Test worker] INFO  r.b.spring.dao.UserDaoImplTest - Starting UserDaoImplTest using Java 17.0.3 on sigma-10460 with PID 1720 (started by ebaranova in C:\Users\ebaranova\IdeaProjects\pet\spring)
2022-07-05 15:52:23 [Test worker] INFO  r.b.spring.dao.UserDaoImplTest - No active profile set, falling back to 1 default profile: "default"
2022-07-05 15:52:23 [Test worker] INFO  r.b.spring.dao.UserDaoImplTest - Started UserDaoImplTest in 0.245 seconds (JVM running for 3.932)
2022-07-05 15:52:23 [Test worker] INFO  r.b.spring.dao.io.InputDaoReaderTest - Starting InputDaoReaderTest using Java 17.0.3 on sigma-10460 with PID 1720 (started by ebaranova in C:\Users\ebaranova\IdeaProjects\pet\spring)
2022-07-05 15:52:23 [Test worker] INFO  r.b.spring.dao.io.InputDaoReaderTest - The following 1 profile is active: "input-dao-reader"
2022-07-05 15:52:24 [Test worker] INFO  r.b.spring.dao.io.InputDaoReaderTest - Started InputDaoReaderTest in 0.286 seconds (JVM running for 4.246)
2022-07-05 15:52:24 [Test worker] ERROR r.b.spring.dao.io.InputDaoReader - Не удалось прочесть
2022-07-05 15:52:24 [Test worker] INFO  r.b.s.dao.reader.ReaderDaoFileTest - true
2022-07-05 15:52:24 [Test worker] INFO  r.b.s.dao.reader.ReaderDaoFileTest - C:\Users\ebaranova\IdeaProjects\pet\spring\input_test_file.txt
2022-07-05 15:52:24 [Test worker] INFO  r.b.spring.dao.reader.ReaderDaoFile - null
2022-07-05 15:52:24 [Test worker] ERROR r.b.spring.dao.reader.ReaderDaoFile - Location must not be null
2022-07-05 15:52:24 [Test worker] INFO  r.b.s.dao.reader.ReaderDaoFileTest - true
2022-07-05 15:52:24 [Test worker] INFO  r.b.s.dao.reader.ReaderDaoFileTest - C:\Users\ebaranova\IdeaProjects\pet\spring\input_test_file.txt
2022-07-05 15:52:24 [Test worker] INFO  r.b.spring.dao.reader.ReaderDaoFile - file:C:\Users\ebaranova\IdeaProjects\pet\spring\input_test_file.txt
2022-07-05 15:52:24 [Test worker] INFO  r.b.s.domain.QuestionOneAnswerTest - Starting QuestionOneAnswerTest using Java 17.0.3 on sigma-10460 with PID 1720 (started by ebaranova in C:\Users\ebaranova\IdeaProjects\pet\spring)
2022-07-05 15:52:24 [Test worker] INFO  r.b.s.domain.QuestionOneAnswerTest - The following 1 profile is active: "questiononeanswertest"
2022-07-05 15:52:24 [Test worker] INFO  r.b.s.domain.QuestionOneAnswerTest - Started QuestionOneAnswerTest in 0.212 seconds (JVM running for 4.543)
2022-07-05 15:52:24 [Test worker] INFO  r.b.s.d.QuestionWithoutAnswerTest - Starting QuestionWithoutAnswerTest using Java 17.0.3 on sigma-10460 with PID 1720 (started by ebaranova in C:\Users\ebaranova\IdeaProjects\pet\spring)
2022-07-05 15:52:24 [Test worker] INFO  r.b.s.d.QuestionWithoutAnswerTest - The following 1 profile is active: "questionwithoutanswertest"
2022-07-05 15:52:24 [Test worker] INFO  r.b.s.d.QuestionWithoutAnswerTest - Started QuestionWithoutAnswerTest in 0.219 seconds (JVM running for 4.775)
2022-07-05 15:52:24 [Test worker] INFO  r.b.s.s.QuestionServiceImplTest - Starting QuestionServiceImplTest using Java 17.0.3 on sigma-10460 with PID 1720 (started by ebaranova in C:\Users\ebaranova\IdeaProjects\pet\spring)
2022-07-05 15:52:24 [Test worker] INFO  r.b.s.s.QuestionServiceImplTest - The following 1 profile is active: "question-service-impl"
2022-07-05 15:52:24 [Test worker] INFO  r.b.s.s.QuestionServiceImplTest - Started QuestionServiceImplTest in 0.21 seconds (JVM running for 5.006)
2022-07-05 15:52:24 [Test worker] INFO  r.b.s.aspect.MethodArgumentLogAspect - ru.baranova.spring.services.QuestionServiceImpl.checkCorrectAnswer, Arg: question - Value: QuestionOneAnswer(question=Question First, rightAnswer=Answer(answer=Answer Second)), Arg: inputAnswer - Value: Answer Second
2022-07-05 15:52:24 [Test worker] INFO  r.b.spring.aspect.ExecuteTimeAspect - ru.baranova.spring.services.QuestionServiceImpl.checkCorrectAnswer, Time, sec: 0.0091236
2022-07-05 15:52:24 [Test worker] INFO  r.b.s.aspect.MethodArgumentLogAspect - ru.baranova.spring.services.QuestionServiceImpl.getAnswer, Arg: question - Value: QuestionWithOptionAnswers(question=Question First, rightAnswer=Answer(answer=Answer Second), optionAnswers=[Option(option=Answer First), Option(option=Answer Second)])
2022-07-05 15:52:24 [Test worker] INFO  r.b.s.services.QuestionServiceImpl - Требуется ввести номер ответа
2022-07-05 15:52:24 [Test worker] INFO  r.b.spring.aspect.ExecuteTimeAspect - ru.baranova.spring.services.QuestionServiceImpl.getAnswer, Time, sec: 0.0015637
2022-07-05 15:52:24 [Test worker] INFO  r.b.s.aspect.MethodArgumentLogAspect - ru.baranova.spring.services.QuestionServiceImpl.getAnswer, Arg: question - Value: QuestionWithoutAnswer(question=Question First)
2022-07-05 15:52:24 [Test worker] INFO  r.b.spring.aspect.ExecuteTimeAspect - ru.baranova.spring.services.QuestionServiceImpl.getAnswer, Time, sec: 8.024E-4
2022-07-05 15:52:24 [Test worker] INFO  r.b.s.aspect.MethodArgumentLogAspect - ru.baranova.spring.services.QuestionServiceImpl.checkCorrectAnswer, Arg: question - Value: QuestionWithOptionAnswers(question=Question First, rightAnswer=Answer(answer=Answer Second), optionAnswers=[Option(option=Answer First), Option(option=Answer Second)]), Arg: inputAnswer - Value: 2
2022-07-05 15:52:24 [Test worker] INFO  r.b.spring.aspect.ExecuteTimeAspect - ru.baranova.spring.services.QuestionServiceImpl.checkCorrectAnswer, Time, sec: 2.448E-4
2022-07-05 15:52:24 [Test worker] INFO  r.b.s.aspect.MethodArgumentLogAspect - ru.baranova.spring.services.QuestionServiceImpl.getAnswer, Arg: question - Value: QuestionWithOptionAnswers(question=Question First, rightAnswer=Answer(answer=Answer Second), optionAnswers=[Option(option=Answer First), Option(option=Answer Second)])
2022-07-05 15:52:24 [Test worker] INFO  r.b.s.services.QuestionServiceImpl - Требуется ввести номер ответа среди указанных
2022-07-05 15:52:24 [Test worker] INFO  r.b.spring.aspect.ExecuteTimeAspect - ru.baranova.spring.services.QuestionServiceImpl.getAnswer, Time, sec: 6.893E-4
2022-07-05 15:52:24 [Test worker] INFO  r.b.s.aspect.MethodArgumentLogAspect - ru.baranova.spring.services.QuestionServiceImpl.getAnswer, Arg: question - Value: QuestionWithOptionAnswers(question=Question First, rightAnswer=Answer(answer=Answer Second), optionAnswers=[Option(option=Answer First), Option(option=Answer Second)])
2022-07-05 15:52:24 [Test worker] INFO  r.b.spring.aspect.ExecuteTimeAspect - ru.baranova.spring.services.QuestionServiceImpl.getAnswer, Time, sec: 4.685E-4
2022-07-05 15:52:24 [Test worker] INFO  r.b.s.aspect.MethodArgumentLogAspect - ru.baranova.spring.services.QuestionServiceImpl.getAnswer, Arg: question - Value: QuestionWithoutAnswer(question=Question First)
2022-07-05 15:52:24 [Test worker] INFO  r.b.spring.aspect.ExecuteTimeAspect - ru.baranova.spring.services.QuestionServiceImpl.getAnswer, Time, sec: 6.103E-4
2022-07-05 15:52:25 [Test worker] INFO  r.b.s.aspect.MethodArgumentLogAspect - ru.baranova.spring.services.QuestionServiceImpl.checkCorrectAnswer, Arg: question - Value: QuestionWithoutAnswer(question=Question First), Arg: inputAnswer - Value: some answer
2022-07-05 15:52:25 [Test worker] INFO  r.b.spring.aspect.ExecuteTimeAspect - ru.baranova.spring.services.QuestionServiceImpl.checkCorrectAnswer, Time, sec: 1.787E-4
2022-07-05 15:52:25 [Test worker] INFO  r.b.s.aspect.MethodArgumentLogAspect - ru.baranova.spring.services.QuestionServiceImpl.checkCorrectAnswer, Arg: question - Value: QuestionWithOptionAnswers(question=Question First, rightAnswer=Answer(answer=Answer Second), optionAnswers=[Option(option=Answer First), Option(option=Answer Second)]), Arg: inputAnswer - Value: 1
2022-07-05 15:52:25 [Test worker] INFO  r.b.spring.aspect.ExecuteTimeAspect - ru.baranova.spring.services.QuestionServiceImpl.checkCorrectAnswer, Time, sec: 1.803E-4
2022-07-05 15:52:25 [Test worker] INFO  r.b.s.aspect.MethodArgumentLogAspect - ru.baranova.spring.services.QuestionServiceImpl.printQuestion, Arg: question - Value: QuestionWithOptionAnswers(question=Question First, rightAnswer=Answer(answer=Answer Second), optionAnswers=[Option(option=Answer First), Option(option=Answer Second)])
2022-07-05 15:52:25 [Test worker] INFO  r.b.spring.aspect.ExecuteTimeAspect - ru.baranova.spring.services.QuestionServiceImpl.printQuestion, Time, sec: 3.092E-4
2022-07-05 15:52:25 [Test worker] INFO  r.b.s.aspect.MethodArgumentLogAspect - ru.baranova.spring.services.QuestionServiceImpl.getAnswer, Arg: question - Value: QuestionOneAnswer(question=Question First, rightAnswer=Answer(answer=Answer Second))
2022-07-05 15:52:25 [Test worker] INFO  r.b.spring.aspect.ExecuteTimeAspect - ru.baranova.spring.services.QuestionServiceImpl.getAnswer, Time, sec: 5.649E-4
2022-07-05 15:52:25 [Test worker] INFO  r.b.s.aspect.MethodArgumentLogAspect - ru.baranova.spring.services.QuestionServiceImpl.getAnswer, Arg: question - Value: QuestionOneAnswer(question=Question First, rightAnswer=Answer(answer=Answer Second))
2022-07-05 15:52:25 [Test worker] INFO  r.b.spring.aspect.ExecuteTimeAspect - ru.baranova.spring.services.QuestionServiceImpl.getAnswer, Time, sec: 4.12E-4
2022-07-05 15:52:25 [Test worker] INFO  r.b.s.aspect.MethodArgumentLogAspect - ru.baranova.spring.services.QuestionServiceImpl.printQuestion, Arg: question - Value: QuestionWithoutAnswer(question=Question First)
2022-07-05 15:52:25 [Test worker] INFO  r.b.spring.aspect.ExecuteTimeAspect - ru.baranova.spring.services.QuestionServiceImpl.printQuestion, Time, sec: 1.599E-4
2022-07-05 15:52:25 [Test worker] INFO  r.b.s.aspect.MethodArgumentLogAspect - ru.baranova.spring.services.QuestionServiceImpl.checkCorrectAnswer, Arg: question - Value: QuestionWithOptionAnswers(question=Question First, rightAnswer=Answer(answer=Answer Second), optionAnswers=[Option(option=Answer First), Option(option=Answer Second)]), Arg: inputAnswer - Value: rightAnswer
2022-07-05 15:52:25 [Test worker] INFO  r.b.s.services.QuestionServiceImpl - Требуется передать номер ответа
2022-07-05 15:52:25 [Test worker] INFO  r.b.spring.aspect.ExecuteTimeAspect - ru.baranova.spring.services.QuestionServiceImpl.checkCorrectAnswer, Time, sec: 2.475E-4
2022-07-05 15:52:25 [Test worker] INFO  r.b.s.aspect.MethodArgumentLogAspect - ru.baranova.spring.services.QuestionServiceImpl.checkCorrectAnswer, Arg: question - Value: QuestionOneAnswer(question=Question First, rightAnswer=Answer(answer=Answer Second)), Arg: inputAnswer - Value: Answer Second 
2022-07-05 15:52:25 [Test worker] INFO  r.b.spring.aspect.ExecuteTimeAspect - ru.baranova.spring.services.QuestionServiceImpl.checkCorrectAnswer, Time, sec: 1.953E-4
2022-07-05 15:52:25 [Test worker] INFO  r.b.s.aspect.MethodArgumentLogAspect - ru.baranova.spring.services.QuestionServiceImpl.checkCorrectAnswer, Arg: question - Value: QuestionWithOptionAnswers(question=Question First, rightAnswer=Answer(answer=Answer Second), optionAnswers=[Option(option=Answer First), Option(option=Answer Second)]), Arg: inputAnswer - Value: -1
2022-07-05 15:52:25 [Test worker] INFO  r.b.s.services.QuestionServiceImpl - Переданный номер ответа превышает доступные варианты
2022-07-05 15:52:25 [Test worker] INFO  r.b.spring.aspect.ExecuteTimeAspect - ru.baranova.spring.services.QuestionServiceImpl.checkCorrectAnswer, Time, sec: 4.326E-4
2022-07-05 15:52:25 [Test worker] INFO  r.b.s.aspect.MethodArgumentLogAspect - ru.baranova.spring.services.QuestionServiceImpl.printQuestion, Arg: question - Value: QuestionOneAnswer(question=Question First, rightAnswer=Answer(answer=Answer Second))
2022-07-05 15:52:25 [Test worker] INFO  r.b.spring.aspect.ExecuteTimeAspect - ru.baranova.spring.services.QuestionServiceImpl.printQuestion, Time, sec: 2.508E-4
2022-07-05 15:52:25 [Test worker] INFO  r.b.s.aspect.MethodArgumentLogAspect - ru.baranova.spring.services.QuestionServiceImpl.getAnswer, Arg: question - Value: QuestionWithOptionAnswers(question=Question First, rightAnswer=Answer(answer=Answer Second), optionAnswers=[Option(option=Answer First), Option(option=Answer Second)])
2022-07-05 15:52:25 [Test worker] INFO  r.b.s.services.QuestionServiceImpl - Указанный номер ответа превышает доступные варианты
2022-07-05 15:52:25 [Test worker] INFO  r.b.spring.aspect.ExecuteTimeAspect - ru.baranova.spring.services.QuestionServiceImpl.getAnswer, Time, sec: 0.001237
2022-07-05 15:52:25 [Test worker] INFO  r.b.s.services.TestServiceImplTest - Starting TestServiceImplTest using Java 17.0.3 on sigma-10460 with PID 1720 (started by ebaranova in C:\Users\ebaranova\IdeaProjects\pet\spring)
2022-07-05 15:52:25 [Test worker] INFO  r.b.s.services.TestServiceImplTest - The following 1 profile is active: "test-service-impl"
2022-07-05 15:52:25 [Test worker] INFO  r.b.s.services.TestServiceImplTest - Started TestServiceImplTest in 0.225 seconds (JVM running for 5.341)
2022-07-05 15:52:25 [Test worker] INFO  r.b.s.aspect.MethodArgumentLogAspect - ru.baranova.spring.services.TestServiceImpl.setPartRightAnswers, Arg: partRightAnswers - Value: 50
2022-07-05 15:52:25 [Test worker] INFO  r.b.spring.aspect.ExecuteTimeAspect - ru.baranova.spring.services.TestServiceImpl.setPartRightAnswers, Time, sec: 0.0073193
2022-07-05 15:52:25 [Test worker] INFO  r.b.s.aspect.MethodArgumentLogAspect - ru.baranova.spring.services.TestServiceImpl.passTest, Arg: countCorrectAnswer - Value: 5.0, Arg: numberOfQuestions - Value: 10
2022-07-05 15:52:25 [Test worker] INFO  r.b.spring.aspect.ExecuteTimeAspect - ru.baranova.spring.services.TestServiceImpl.passTest, Time, sec: 2.198E-4
2022-07-05 15:52:25 [Test worker] INFO  r.b.s.aspect.MethodArgumentLogAspect - ru.baranova.spring.services.TestServiceImpl.setPartRightAnswers, Arg: partRightAnswers - Value: 50
2022-07-05 15:52:25 [Test worker] INFO  r.b.spring.aspect.ExecuteTimeAspect - ru.baranova.spring.services.TestServiceImpl.setPartRightAnswers, Time, sec: 2.157E-4
2022-07-05 15:52:25 [Test worker] INFO  r.b.s.aspect.MethodArgumentLogAspect - ru.baranova.spring.services.TestServiceImpl.passTest, Arg: countCorrectAnswer - Value: 4.0, Arg: numberOfQuestions - Value: 10
2022-07-05 15:52:25 [Test worker] INFO  r.b.spring.aspect.ExecuteTimeAspect - ru.baranova.spring.services.TestServiceImpl.passTest, Time, sec: 7.73E-5
2022-07-05 15:52:25 [Test worker] INFO  r.b.s.aspect.MethodArgumentLogAspect - ru.baranova.spring.services.TestServiceImpl.test, No args.
2022-07-05 15:52:25 [Test worker] INFO  r.b.spring.aspect.ExecuteTimeAspect - ru.baranova.spring.services.TestServiceImpl.test, Time, sec: 9.672E-4
2022-07-05 15:52:25 [Test worker] INFO  r.b.s.aspect.MethodArgumentLogAspect - ru.baranova.spring.services.TestServiceImpl.test, No args.
2022-07-05 15:52:25 [Test worker] INFO  r.b.spring.aspect.ExecuteTimeAspect - ru.baranova.spring.services.TestServiceImpl.test, Time, sec: 9.903E-4
2022-07-05 15:52:25 [Test worker] INFO  r.b.s.aspect.MethodArgumentLogAspect - ru.baranova.spring.services.TestServiceImpl.test, No args.
2022-07-05 15:52:25 [Test worker] INFO  r.b.spring.aspect.ExecuteTimeAspect - ru.baranova.spring.services.TestServiceImpl.test, Time, sec: 6.515E-4
2022-07-05 15:52:25 [Test worker] INFO  r.b.s.aspect.MethodArgumentLogAspect - ru.baranova.spring.services.TestServiceImpl.test, No args.
2022-07-05 15:52:25 [Test worker] INFO  r.b.spring.aspect.ExecuteTimeAspect - ru.baranova.spring.services.TestServiceImpl.test, Time, sec: 8.343E-4
2022-07-05 15:52:25 [Test worker] INFO  r.b.s.aspect.MethodArgumentLogAspect - ru.baranova.spring.services.TestServiceImpl.test, No args.
2022-07-05 15:52:25 [Test worker] INFO  r.b.spring.aspect.ExecuteTimeAspect - ru.baranova.spring.services.TestServiceImpl.test, Time, sec: 0.0015044
2022-07-05 15:52:25 [Test worker] INFO  r.b.s.aspect.MethodArgumentLogAspect - ru.baranova.spring.services.TestServiceImpl.test, No args.
2022-07-05 15:52:25 [Test worker] INFO  r.b.spring.aspect.ExecuteTimeAspect - ru.baranova.spring.services.TestServiceImpl.test, Time, sec: 5.658E-4
2022-07-05 15:52:25 [Test worker] INFO  r.b.s.services.UserServiceImplTest - Starting UserServiceImplTest using Java 17.0.3 on sigma-10460 with PID 1720 (started by ebaranova in C:\Users\ebaranova\IdeaProjects\pet\spring)
2022-07-05 15:52:25 [Test worker] INFO  r.b.s.services.UserServiceImplTest - No active profile set, falling back to 1 default profile: "default"
2022-07-05 15:52:25 [Test worker] INFO  r.b.s.services.UserServiceImplTest - Started UserServiceImplTest in 0.202 seconds (JVM running for 5.61)
2022-07-05 15:52:25 [Test worker] INFO  r.b.s.aspect.MethodArgumentLogAspect - ru.baranova.spring.services.UserServiceImpl.isCorrectInput, Arg: str - Value: nam
2022-07-05 15:52:25 [Test worker] INFO  r.b.spring.aspect.ExecuteTimeAspect - ru.baranova.spring.services.UserServiceImpl.isCorrectInput, Time, sec: 0.0046457
2022-07-05 15:52:25 [Test worker] INFO  r.b.s.aspect.MethodArgumentLogAspect - ru.baranova.spring.services.UserServiceImpl.isCorrectInput, Arg: str - Value: nam/
2022-07-05 15:52:25 [Test worker] INFO  r.b.spring.aspect.ExecuteTimeAspect - ru.baranova.spring.services.UserServiceImpl.isCorrectInput, Time, sec: 2.729E-4
2022-07-05 15:52:25 [Test worker] INFO  r.b.s.aspect.MethodArgumentLogAspect - ru.baranova.spring.services.UserServiceImpl.isCorrectInput, Arg: str - Value: a-fzA-FZа-фяА-ФЯёЁ
2022-07-05 15:52:25 [Test worker] INFO  r.b.spring.aspect.ExecuteTimeAspect - ru.baranova.spring.services.UserServiceImpl.isCorrectInput, Time, sec: 2.59E-4
2022-07-05 15:52:25 [Test worker] INFO  r.b.s.aspect.MethodArgumentLogAspect - ru.baranova.spring.services.UserServiceImpl.isCorrectInput, Arg: str - Value: na
2022-07-05 15:52:25 [Test worker] INFO  r.b.spring.services.UserServiceImpl - Упс! Слишком короткий ввод
2022-07-05 15:52:25 [Test worker] INFO  r.b.spring.aspect.ExecuteTimeAspect - ru.baranova.spring.services.UserServiceImpl.isCorrectInput, Time, sec: 2.945E-4
2022-07-05 15:52:25 [Test worker] INFO  r.b.s.aspect.MethodArgumentLogAspect - ru.baranova.spring.services.UserServiceImpl.isCorrectInput, Arg: str - Value: 
2022-07-05 15:52:25 [Test worker] INFO  r.b.spring.services.UserServiceImpl - Упс! Ничего не введено
2022-07-05 15:52:25 [Test worker] INFO  r.b.spring.aspect.ExecuteTimeAspect - ru.baranova.spring.services.UserServiceImpl.isCorrectInput, Time, sec: 2.086E-4
2022-07-05 15:52:25 [Test worker] INFO  r.b.s.aspect.MethodArgumentLogAspect - ru.baranova.spring.services.UserServiceImpl.createUser, No args.
2022-07-05 15:52:25 [Test worker] INFO  r.b.spring.aspect.ExecuteTimeAspect - ru.baranova.spring.services.UserServiceImpl.createUser, Time, sec: 7.59E-4
2022-07-05 15:52:25 [Test worker] INFO  r.b.s.aspect.MethodArgumentLogAspect - ru.baranova.spring.services.UserServiceImpl.isCorrectInput, Arg: str - Value: null
2022-07-05 15:52:25 [Test worker] INFO  r.b.spring.services.UserServiceImpl - Упс! Ничего не введено
2022-07-05 15:52:25 [Test worker] INFO  r.b.spring.aspect.ExecuteTimeAspect - ru.baranova.spring.services.UserServiceImpl.isCorrectInput, Time, sec: 3.194E-4
